This is pdfTeX, Version 3.14159265-2.6-1.40.19 (TeX Live 2018) (preloaded format=pdflatex 2018.6.3)  10 DEC 2020 17:35
entering extended mode
 restricted \write18 enabled.
 %&-line parsing enabled.
**answers.tex
(./answers.tex
LaTeX2e <2018-04-01> patch level 2
Babel <3.18> and hyphenation patterns for 84 language(s) loaded.
(/usr/local/texlive/2018/texmf-dist/tex/latex/base/article.cls
Document Class: article 2014/09/29 v1.4h Standard LaTeX document class
(/usr/local/texlive/2018/texmf-dist/tex/latex/base/size10.clo
File: size10.clo 2014/09/29 v1.4h Standard LaTeX file (size option)
)
\c@part=\count80
\c@section=\count81
\c@subsection=\count82
\c@subsubsection=\count83
\c@paragraph=\count84
\c@subparagraph=\count85
\c@figure=\count86
\c@table=\count87
\abovecaptionskip=\skip41
\belowcaptionskip=\skip42
\bibindent=\dimen102
)
(/usr/local/texlive/2018/texmf-dist/tex/generic/babel/babel.sty
Package: babel 2018/02/14 3.18 The Babel package

(/usr/local/texlive/2018/texmf-dist/tex/generic/babel/switch.def
File: switch.def 2018/02/14 3.18 Babel switching mechanism
)
(/usr/local/texlive/2018/texmf-dist/tex/generic/babel-spanish/spanish.ldf
Language: spanish.ldf 2016/03/03 v5.0p Spanish support from the babel system

(/usr/local/texlive/2018/texmf-dist/tex/generic/babel/babel.def
File: babel.def 2018/02/14 3.18 Babel common definitions
\babel@savecnt=\count88
\U@D=\dimen103

(/usr/local/texlive/2018/texmf-dist/tex/generic/babel/txtbabel.def)
\bbl@dirlevel=\count89
)
\es@quottoks=\toks14
\es@quotdepth=\count90
Package babel Info: Making " an active character on input line 561.
Package babel Info: Making . an active character on input line 662.
Package babel Info: Making < an active character on input line 707.
Package babel Info: Making > an active character on input line 707.
))
(/usr/local/texlive/2018/texmf-dist/tex/latex/base/inputenc.sty
Package: inputenc 2018/04/06 v1.3b Input encoding file
\inpenc@prehook=\toks15
\inpenc@posthook=\toks16
)
(/usr/local/texlive/2018/texmf-dist/tex/latex/fancyhdr/fancyhdr.sty
Package: fancyhdr 2017/06/30 v3.9a Extensive control of page headers and footer
s
\f@nch@headwidth=\skip43
\f@nch@O@elh=\skip44
\f@nch@O@erh=\skip45
\f@nch@O@olh=\skip46
\f@nch@O@orh=\skip47
\f@nch@O@elf=\skip48
\f@nch@O@erf=\skip49
\f@nch@O@olf=\skip50
\f@nch@O@orf=\skip51
)
(/usr/local/texlive/2018/texmf-dist/tex/latex/graphics/graphicx.sty
Package: graphicx 2017/06/01 v1.1a Enhanced LaTeX Graphics (DPC,SPQR)

(/usr/local/texlive/2018/texmf-dist/tex/latex/graphics/keyval.sty
Package: keyval 2014/10/28 v1.15 key=value parser (DPC)
\KV@toks@=\toks17
)
(/usr/local/texlive/2018/texmf-dist/tex/latex/graphics/graphics.sty
Package: graphics 2017/06/25 v1.2c Standard LaTeX Graphics (DPC,SPQR)

(/usr/local/texlive/2018/texmf-dist/tex/latex/graphics/trig.sty
Package: trig 2016/01/03 v1.10 sin cos tan (DPC)
)
(/usr/local/texlive/2018/texmf-dist/tex/latex/graphics-cfg/graphics.cfg
File: graphics.cfg 2016/06/04 v1.11 sample graphics configuration
)
Package graphics Info: Driver file: pdftex.def on input line 99.

(/usr/local/texlive/2018/texmf-dist/tex/latex/graphics-def/pdftex.def
File: pdftex.def 2018/01/08 v1.0l Graphics/color driver for pdftex
))
\Gin@req@height=\dimen104
\Gin@req@width=\dimen105
)
(/usr/local/texlive/2018/texmf-dist/tex/latex/sidecap/sidecap.sty
Package: sidecap 2003/06/06 v1.6f SideCap Package (RN/HjG)

(/usr/local/texlive/2018/texmf-dist/tex/latex/base/ifthen.sty
Package: ifthen 2014/09/29 v1.1c Standard LaTeX ifthen package (DPC)
)
\SC@BOXWD=\dimen106
\SC@CAPWD=\dimen107
\SC@tempdima=\dimen108
\SC@tempdimb=\dimen109
\c@SC@C=\count91
\SC@BOX=\box26
)
(/usr/local/texlive/2018/texmf-dist/tex/latex/caption/caption.sty
Package: caption 2016/02/21 v3.3-144 Customizing captions (AR)

(/usr/local/texlive/2018/texmf-dist/tex/latex/caption/caption3.sty
Package: caption3 2016/05/22 v1.7-166 caption3 kernel (AR)
Package caption3 Info: TeX engine: e-TeX on input line 67.
\captionmargin=\dimen110
\captionmargin@=\dimen111
\captionwidth=\dimen112
\caption@tempdima=\dimen113
\caption@indent=\dimen114
\caption@parindent=\dimen115
\caption@hangindent=\dimen116
)
\c@ContinuedFloat=\count92
Package caption Info: sidecap package is loaded.
)
(/usr/local/texlive/2018/texmf-dist/tex/latex/caption/subcaption.sty
Package: subcaption 2016/05/22 v1.1-161 Sub-captions (AR)
\c@subfigure=\count93
\c@subtable=\count94
)
(/usr/local/texlive/2018/texmf-dist/tex/latex/booktabs/booktabs.sty
Package: booktabs 2016/04/27 v1.618033 publication quality tables
\heavyrulewidth=\dimen117
\lightrulewidth=\dimen118
\cmidrulewidth=\dimen119
\belowrulesep=\dimen120
\belowbottomsep=\dimen121
\aboverulesep=\dimen122
\abovetopsep=\dimen123
\cmidrulesep=\dimen124
\cmidrulekern=\dimen125
\defaultaddspace=\dimen126
\@cmidla=\count95
\@cmidlb=\count96
\@aboverulesep=\dimen127
\@belowrulesep=\dimen128
\@thisruleclass=\count97
\@lastruleclass=\count98
\@thisrulewidth=\dimen129
)
(/usr/local/texlive/2018/texmf-dist/tex/latex/base/makeidx.sty
Package: makeidx 2014/09/29 v1.0m Standard LaTeX package
)
(/usr/local/texlive/2018/texmf-dist/tex/latex/float/float.sty
Package: float 2001/11/08 v1.3d Float enhancements (AL)
\c@float@type=\count99
\float@exts=\toks18
\float@box=\box27
\@float@everytoks=\toks19
\@floatcapt=\box28
)
(/usr/local/texlive/2018/texmf-dist/tex/latex/amsmath/amsmath.sty
Package: amsmath 2017/09/02 v2.17a AMS math features
\@mathmargin=\skip52

For additional information on amsmath, use the `?' option.
(/usr/local/texlive/2018/texmf-dist/tex/latex/amsmath/amstext.sty
Package: amstext 2000/06/29 v2.01 AMS text

(/usr/local/texlive/2018/texmf-dist/tex/latex/amsmath/amsgen.sty
File: amsgen.sty 1999/11/30 v2.0 generic functions
\@emptytoks=\toks20
\ex@=\dimen130
))
(/usr/local/texlive/2018/texmf-dist/tex/latex/amsmath/amsbsy.sty
Package: amsbsy 1999/11/29 v1.2d Bold Symbols
\pmbraise@=\dimen131
)
(/usr/local/texlive/2018/texmf-dist/tex/latex/amsmath/amsopn.sty
Package: amsopn 2016/03/08 v2.02 operator names
)
\inf@bad=\count100
LaTeX Info: Redefining \frac on input line 213.
\uproot@=\count101
\leftroot@=\count102
LaTeX Info: Redefining \overline on input line 375.
\classnum@=\count103
\DOTSCASE@=\count104
LaTeX Info: Redefining \ldots on input line 472.
LaTeX Info: Redefining \dots on input line 475.
LaTeX Info: Redefining \cdots on input line 596.
\Mathstrutbox@=\box29
\strutbox@=\box30
\big@size=\dimen132
LaTeX Font Info:    Redeclaring font encoding OML on input line 712.
LaTeX Font Info:    Redeclaring font encoding OMS on input line 713.
\macc@depth=\count105
\c@MaxMatrixCols=\count106
\dotsspace@=\muskip10
\c@parentequation=\count107
\dspbrk@lvl=\count108
\tag@help=\toks21
\row@=\count109
\column@=\count110
\maxfields@=\count111
\andhelp@=\toks22
\eqnshift@=\dimen133
\alignsep@=\dimen134
\tagshift@=\dimen135
\tagwidth@=\dimen136
\totwidth@=\dimen137
\lineht@=\dimen138
\@envbody=\toks23
\multlinegap=\skip53
\multlinetaggap=\skip54
\mathdisplay@stack=\toks24
LaTeX Info: Redefining \[ on input line 2817.
LaTeX Info: Redefining \] on input line 2818.
)
(/usr/local/texlive/2018/texmf-dist/tex/latex/amscls/amsthm.sty
Package: amsthm 2017/10/31 v2.20.4
\thm@style=\toks25
\thm@bodyfont=\toks26
\thm@headfont=\toks27
\thm@notefont=\toks28
\thm@headpunct=\toks29
\thm@preskip=\skip55
\thm@postskip=\skip56
\thm@headsep=\skip57
\dth@everypar=\toks30
)
(/usr/local/texlive/2018/texmf-dist/tex/latex/amsfonts/amssymb.sty
Package: amssymb 2013/01/14 v3.01 AMS font symbols

(/usr/local/texlive/2018/texmf-dist/tex/latex/amsfonts/amsfonts.sty
Package: amsfonts 2013/01/14 v3.01 Basic AMSFonts support
\symAMSa=\mathgroup4
\symAMSb=\mathgroup5
LaTeX Font Info:    Overwriting math alphabet `\mathfrak' in version `bold'
(Font)                  U/euf/m/n --> U/euf/b/n on input line 106.
))
(/usr/local/texlive/2018/texmf-dist/tex/latex/sectsty/sectsty.sty
Package: sectsty 2002/02/25 v2.0.2 Commands to change all sectional heading sty
les
)
(/usr/local/texlive/2018/texmf-dist/tex/latex/wrapfig/wrapfig.sty
\wrapoverhang=\dimen139
\WF@size=\dimen140
\c@WF@wrappedlines=\count112
\WF@box=\box31
\WF@everypar=\toks31
Package: wrapfig 2003/01/31  v 3.6
)
(/usr/local/texlive/2018/texmf-dist/tex/latex/listings/listings.sty
\lst@mode=\count113
\lst@gtempboxa=\box32
\lst@token=\toks32
\lst@length=\count114
\lst@currlwidth=\dimen141
\lst@column=\count115
\lst@pos=\count116
\lst@lostspace=\dimen142
\lst@width=\dimen143
\lst@newlines=\count117
\lst@lineno=\count118
\lst@maxwidth=\dimen144

(/usr/local/texlive/2018/texmf-dist/tex/latex/listings/lstmisc.sty
File: lstmisc.sty 2015/06/04 1.6 (Carsten Heinz)
\c@lstnumber=\count119
\lst@skipnumbers=\count120
\lst@framebox=\box33
)
(/usr/local/texlive/2018/texmf-dist/tex/latex/listings/listings.cfg
File: listings.cfg 2015/06/04 1.6 listings configuration
))
Package: listings 2015/06/04 1.6 (Carsten Heinz)

(/usr/local/texlive/2018/texmf-dist/tex/latex/enumitem/enumitem.sty
Package: enumitem 2011/09/28 v3.5.2 Customized lists
\labelindent=\skip58
\enit@outerparindent=\dimen145
\enit@toks=\toks33
\enit@inbox=\box34
\enitdp@description=\count121
)
(/usr/local/texlive/2018/texmf-dist/tex/latex/hyperref/hyperref.sty
Package: hyperref 2018/02/06 v6.86b Hypertext links for LaTeX

(/usr/local/texlive/2018/texmf-dist/tex/generic/oberdiek/hobsub-hyperref.sty
Package: hobsub-hyperref 2016/05/16 v1.14 Bundle oberdiek, subset hyperref (HO)


(/usr/local/texlive/2018/texmf-dist/tex/generic/oberdiek/hobsub-generic.sty
Package: hobsub-generic 2016/05/16 v1.14 Bundle oberdiek, subset generic (HO)
Package: hobsub 2016/05/16 v1.14 Construct package bundles (HO)
Package: infwarerr 2016/05/16 v1.4 Providing info/warning/error messages (HO)
Package: ltxcmds 2016/05/16 v1.23 LaTeX kernel commands for general use (HO)
Package: ifluatex 2016/05/16 v1.4 Provides the ifluatex switch (HO)
Package ifluatex Info: LuaTeX not detected.
Package: ifvtex 2016/05/16 v1.6 Detect VTeX and its facilities (HO)
Package ifvtex Info: VTeX not detected.
Package: intcalc 2016/05/16 v1.2 Expandable calculations with integers (HO)
Package: ifpdf 2017/03/15 v3.2 Provides the ifpdf switch
Package: etexcmds 2016/05/16 v1.6 Avoid name clashes with e-TeX commands (HO)
Package etexcmds Info: Could not find \expanded.
(etexcmds)             That can mean that you are not using pdfTeX 1.50 or
(etexcmds)             that some package has redefined \expanded.
(etexcmds)             In the latter case, load this package earlier.
Package: kvsetkeys 2016/05/16 v1.17 Key value parser (HO)
Package: kvdefinekeys 2016/05/16 v1.4 Define keys (HO)
Package: pdftexcmds 2018/01/30 v0.27 Utility functions of pdfTeX for LuaTeX (HO
)
Package pdftexcmds Info: LuaTeX not detected.
Package pdftexcmds Info: \pdf@primitive is available.
Package pdftexcmds Info: \pdf@ifprimitive is available.
Package pdftexcmds Info: \pdfdraftmode found.
Package: pdfescape 2016/05/16 v1.14 Implements pdfTeX's escape features (HO)
Package: bigintcalc 2016/05/16 v1.4 Expandable calculations on big integers (HO
)
Package: bitset 2016/05/16 v1.2 Handle bit-vector datatype (HO)
Package: uniquecounter 2016/05/16 v1.3 Provide unlimited unique counter (HO)
)
Package hobsub Info: Skipping package `hobsub' (already loaded).
Package: letltxmacro 2016/05/16 v1.5 Let assignment for LaTeX macros (HO)
Package: hopatch 2016/05/16 v1.3 Wrapper for package hooks (HO)
Package: xcolor-patch 2016/05/16 xcolor patch
Package: atveryend 2016/05/16 v1.9 Hooks at the very end of document (HO)
Package atveryend Info: \enddocument detected (standard20110627).
Package: atbegshi 2016/06/09 v1.18 At begin shipout hook (HO)
Package: refcount 2016/05/16 v3.5 Data extraction from label references (HO)
Package: hycolor 2016/05/16 v1.8 Color options for hyperref/bookmark (HO)
)
(/usr/local/texlive/2018/texmf-dist/tex/generic/ifxetex/ifxetex.sty
Package: ifxetex 2010/09/12 v0.6 Provides ifxetex conditional
)
(/usr/local/texlive/2018/texmf-dist/tex/latex/oberdiek/auxhook.sty
Package: auxhook 2016/05/16 v1.4 Hooks for auxiliary files (HO)
)
(/usr/local/texlive/2018/texmf-dist/tex/latex/oberdiek/kvoptions.sty
Package: kvoptions 2016/05/16 v3.12 Key value format for package options (HO)
)
\@linkdim=\dimen146
\Hy@linkcounter=\count122
\Hy@pagecounter=\count123

(/usr/local/texlive/2018/texmf-dist/tex/latex/hyperref/pd1enc.def
File: pd1enc.def 2018/02/06 v6.86b Hyperref: PDFDocEncoding definition (HO)
Now handling font encoding PD1 ...
... no UTF-8 mapping file for font encoding PD1
)
\Hy@SavedSpaceFactor=\count124

(/usr/local/texlive/2018/texmf-dist/tex/latex/latexconfig/hyperref.cfg
File: hyperref.cfg 2002/06/06 v1.2 hyperref configuration of TeXLive
)
Package hyperref Info: Hyper figures OFF on input line 4509.
Package hyperref Info: Link nesting OFF on input line 4514.
Package hyperref Info: Hyper index ON on input line 4517.
Package hyperref Info: Plain pages OFF on input line 4524.
Package hyperref Info: Backreferencing OFF on input line 4529.
Package hyperref Info: Implicit mode ON; LaTeX internals redefined.
Package hyperref Info: Bookmarks ON on input line 4762.
\c@Hy@tempcnt=\count125

(/usr/local/texlive/2018/texmf-dist/tex/latex/url/url.sty
\Urlmuskip=\muskip11
Package: url 2013/09/16  ver 3.4  Verb mode for urls, etc.
)
LaTeX Info: Redefining \url on input line 5115.
\XeTeXLinkMargin=\dimen147
\Fld@menulength=\count126
\Field@Width=\dimen148
\Fld@charsize=\dimen149
Package hyperref Info: Hyper figures OFF on input line 6369.
Package hyperref Info: Link nesting OFF on input line 6374.
Package hyperref Info: Hyper index ON on input line 6377.
Package hyperref Info: backreferencing OFF on input line 6384.
Package hyperref Info: Link coloring OFF on input line 6389.
Package hyperref Info: Link coloring with OCG OFF on input line 6394.
Package hyperref Info: PDF/A mode OFF on input line 6399.
LaTeX Info: Redefining \ref on input line 6439.
LaTeX Info: Redefining \pageref on input line 6443.
\Hy@abspage=\count127
\c@Item=\count128
\c@Hfootnote=\count129
)
Package hyperref Info: Driver (autodetected): hpdftex.

(/usr/local/texlive/2018/texmf-dist/tex/latex/hyperref/hpdftex.def
File: hpdftex.def 2018/02/06 v6.86b Hyperref driver for pdfTeX
\Fld@listcount=\count130
\c@bookmark@seq@number=\count131

(/usr/local/texlive/2018/texmf-dist/tex/latex/oberdiek/rerunfilecheck.sty
Package: rerunfilecheck 2016/05/16 v1.8 Rerun checks for auxiliary files (HO)
Package uniquecounter Info: New unique counter `rerunfilecheck' on input line 2
82.
)
\Hy@SectionHShift=\skip59
)
(/usr/local/texlive/2018/texmf-dist/tex/latex/oberdiek/listingsutf8.sty
Package: listingsutf8 2016/05/16 v1.3 Allow UTF-8 in listings input (HO)

(/usr/local/texlive/2018/texmf-dist/tex/generic/oberdiek/stringenc.sty
Package: stringenc 2016/05/16 v1.11 Convert strings between diff. encodings (HO
)
))
(/usr/local/texlive/2018/texmf-dist/tex/latex/tools/tabularx.sty
Package: tabularx 2016/02/03 v2.11b `tabularx' package (DPC)

(/usr/local/texlive/2018/texmf-dist/tex/latex/tools/array.sty
Package: array 2018/04/07 v2.4g Tabular extension package (FMi)
\col@sep=\dimen150
\ar@mcellbox=\box35
\extrarowheight=\dimen151
\NC@list=\toks34
\extratabsurround=\skip60
\backup@length=\skip61
\ar@cellbox=\box36
)
\TX@col@width=\dimen152
\TX@old@table=\dimen153
\TX@old@col=\dimen154
\TX@target=\dimen155
\TX@delta=\dimen156
\TX@cols=\count132
\TX@ftn=\toks35
) (./caratula.sty
Package: caratula 2005/08/09 v0.3 Para componer caratulas de TPs del DC
Cargando package 'caratula' v0.3 (2005/08/09)
\intlist=\toks36
) (./layout.tex) (./answers.aux
LaTeX Info: Redefining \. on input line 23.
LaTeX Info: Redefining \% on input line 23.
)
\openout1 = `answers.aux'.

LaTeX Font Info:    Checking defaults for OML/cmm/m/it on input line 45.
LaTeX Font Info:    ... okay on input line 45.
LaTeX Font Info:    Checking defaults for T1/cmr/m/n on input line 45.
LaTeX Font Info:    ... okay on input line 45.
LaTeX Font Info:    Checking defaults for OT1/cmr/m/n on input line 45.
LaTeX Font Info:    ... okay on input line 45.
LaTeX Font Info:    Checking defaults for OMS/cmsy/m/n on input line 45.
LaTeX Font Info:    ... okay on input line 45.
LaTeX Font Info:    Checking defaults for OMX/cmex/m/n on input line 45.
LaTeX Font Info:    ... okay on input line 45.
LaTeX Font Info:    Checking defaults for U/cmr/m/n on input line 45.
LaTeX Font Info:    ... okay on input line 45.
LaTeX Font Info:    Checking defaults for PD1/pdf/m/n on input line 45.
LaTeX Font Info:    ... okay on input line 45.
LaTeX Info: Redefining \. on input line 45.
LaTeX Info: Redefining \% on input line 45.

(/usr/local/texlive/2018/texmf-dist/tex/context/base/mkii/supp-pdf.mkii
[Loading MPS to PDF converter (version 2006.09.02).]
\scratchcounter=\count133
\scratchdimen=\dimen157
\scratchbox=\box37
\nofMPsegments=\count134
\nofMParguments=\count135
\everyMPshowfont=\toks37
\MPscratchCnt=\count136
\MPscratchDim=\dimen158
\MPnumerator=\count137
\makeMPintoPDFobject=\count138
\everyMPtoPDFconversion=\toks38
) (/usr/local/texlive/2018/texmf-dist/tex/latex/oberdiek/epstopdf-base.sty
Package: epstopdf-base 2016/05/15 v2.6 Base part for package epstopdf

(/usr/local/texlive/2018/texmf-dist/tex/latex/oberdiek/grfext.sty
Package: grfext 2016/05/16 v1.2 Manage graphics extensions (HO)
)
Package epstopdf-base Info: Redefining graphics rule for `.eps' on input line 4
38.
Package grfext Info: Graphics extension search list:
(grfext)             [.pdf,.png,.jpg,.mps,.jpeg,.jbig2,.jb2,.PDF,.PNG,.JPG,.JPE
G,.JBIG2,.JB2,.eps]
(grfext)             \AppendGraphicsExtensions on input line 456.

(/usr/local/texlive/2018/texmf-dist/tex/latex/latexconfig/epstopdf-sys.cfg
File: epstopdf-sys.cfg 2010/07/13 v1.3 Configuration of (r)epstopdf for TeX Liv
e
))
(/usr/local/texlive/2018/texmf-dist/tex/latex/ms/ragged2e.sty
Package: ragged2e 2009/05/21 v2.1 ragged2e Package (MS)

(/usr/local/texlive/2018/texmf-dist/tex/latex/ms/everysel.sty
Package: everysel 2011/10/28 v1.2 EverySelectfont Package (MS)

ABD: EverySelectfont initializing macros
LaTeX Info: Redefining \selectfont on input line 126.
)
\CenteringLeftskip=\skip62
\RaggedLeftLeftskip=\skip63
\RaggedRightLeftskip=\skip64
\CenteringRightskip=\skip65
\RaggedLeftRightskip=\skip66
\RaggedRightRightskip=\skip67
\CenteringParfillskip=\skip68
\RaggedLeftParfillskip=\skip69
\RaggedRightParfillskip=\skip70
\JustifyingParfillskip=\skip71
\CenteringParindent=\skip72
\RaggedLeftParindent=\skip73
\RaggedRightParindent=\skip74
\JustifyingParindent=\skip75
)
Package caption Info: Begin \AtBeginDocument code.
Package caption Info: float package is loaded.
Package caption Info: hyperref package is loaded.
Package caption Info: listings package is loaded.
Package caption Info: wrapfig package is loaded.
Package caption Info: End \AtBeginDocument code.
\c@lstlisting=\count139
\AtBeginShipoutBox=\box38
Package hyperref Info: Link coloring OFF on input line 45.

(/usr/local/texlive/2018/texmf-dist/tex/latex/hyperref/nameref.sty
Package: nameref 2016/05/21 v2.44 Cross-referencing by name of section

(/usr/local/texlive/2018/texmf-dist/tex/generic/oberdiek/gettitlestring.sty
Package: gettitlestring 2016/05/16 v1.5 Cleanup title references (HO)
)
\c@section@level=\count140
)
LaTeX Info: Redefining \ref on input line 45.
LaTeX Info: Redefining \pageref on input line 45.
LaTeX Info: Redefining \nameref on input line 45.

(./answers.out) (./answers.out)
\@outlinefile=\write3
\openout3 = `answers.out'.

<caratula/logodc.pdf, id=28, 215.6055pt x 83.5923pt>
File: caratula/logodc.pdf Graphic file (type pdf)
<use caratula/logodc.pdf>
Package pdftex.def Info: caratula/logodc.pdf  used on input line 51.
(pdftex.def)             Requested size: 215.60497pt x 83.59207pt.
LaTeX Font Info:    Try loading font information for U+msa on input line 51.

(/usr/local/texlive/2018/texmf-dist/tex/latex/amsfonts/umsa.fd
File: umsa.fd 2013/01/14 v3.01 AMS symbols A
)
LaTeX Font Info:    Try loading font information for U+msb on input line 51.

(/usr/local/texlive/2018/texmf-dist/tex/latex/amsfonts/umsb.fd
File: umsb.fd 2013/01/14 v3.01 AMS symbols B
)
<caratula/logouba.pdf, id=29, 225.48239pt x 231.7458pt>
File: caratula/logouba.pdf Graphic file (type pdf)
<use caratula/logouba.pdf>
Package pdftex.def Info: caratula/logouba.pdf  used on input line 51.
(pdftex.def)             Requested size: 227.62204pt x 233.9553pt.
Package babel Info: Redefining spanish shorthand <<
(babel)             in language  on input line 51.
Package babel Info: Redefining spanish shorthand >>
(babel)             in language  on input line 51.
Package babel Info: Redefining spanish shorthand "=
(babel)             in language  on input line 51.
Package babel Info: Redefining spanish shorthand "~
(babel)             in language  on input line 51.
Package babel Info: Redefining spanish shorthand "!
(babel)             in language  on input line 51.
Package babel Info: Redefining spanish shorthand "?
(babel)             in language  on input line 51.
Package babel Info: Redefining spanish shorthand <<
(babel)             in language  on input line 51.
Package babel Info: Redefining spanish shorthand >>
(babel)             in language  on input line 51.
Package babel Info: Redefining spanish shorthand "=
(babel)             in language  on input line 51.
Package babel Info: Redefining spanish shorthand "~
(babel)             in language  on input line 51.
Package babel Info: Redefining spanish shorthand "!
(babel)             in language  on input line 51.
Package babel Info: Redefining spanish shorthand "?
(babel)             in language  on input line 51.
 [1

{/usr/local/texlive/2018/texmf-var/fonts/map/pdftex/updmap/pdftex.map} <./carat
ula/logodc.pdf> <./caratula/logouba.pdf

pdfTeX warning: pdflatex (file ./caratula/logouba.pdf): PDF inclusion: multiple
 pdfs with page group included in a single page
>] (./ejercicios.tex
Underfull \hbox (badness 10000) in paragraph at lines 4--7

 []


Underfull \hbox (badness 10000) in paragraph at lines 8--10

 []


Underfull \hbox (badness 10000) in paragraph at lines 11--14

 []

Package babel Info: Redefining spanish shorthand <<
(babel)             in language  on input line 39.
Package babel Info: Redefining spanish shorthand >>
(babel)             in language  on input line 39.
Package babel Info: Redefining spanish shorthand "=
(babel)             in language  on input line 39.
Package babel Info: Redefining spanish shorthand "~
(babel)             in language  on input line 39.
Package babel Info: Redefining spanish shorthand "!
(babel)             in language  on input line 39.
Package babel Info: Redefining spanish shorthand "?
(babel)             in language  on input line 39.
Package babel Info: Redefining spanish shorthand <<
(babel)             in language  on input line 52.
Package babel Info: Redefining spanish shorthand >>
(babel)             in language  on input line 52.
Package babel Info: Redefining spanish shorthand "=
(babel)             in language  on input line 52.
Package babel Info: Redefining spanish shorthand "~
(babel)             in language  on input line 52.
Package babel Info: Redefining spanish shorthand "!
(babel)             in language  on input line 52.
Package babel Info: Redefining spanish shorthand "?
(babel)             in language  on input line 52.

Underfull \hbox (badness 10000) in paragraph at lines 53--55

 []


Underfull \hbox (badness 10000) in paragraph at lines 56--57

 []


Underfull \hbox (badness 10000) in paragraph at lines 58--59

 []


Underfull \hbox (badness 10000) in paragraph at lines 60--61

 []


Underfull \hbox (badness 10000) in paragraph at lines 62--64

 []


Underfull \hbox (badness 10000) in paragraph at lines 62--64

 []

Package babel Info: Redefining spanish shorthand <<
(babel)             in language  on input line 70.
Package babel Info: Redefining spanish shorthand >>
(babel)             in language  on input line 70.
Package babel Info: Redefining spanish shorthand "=
(babel)             in language  on input line 70.
Package babel Info: Redefining spanish shorthand "~
(babel)             in language  on input line 70.
Package babel Info: Redefining spanish shorthand "!
(babel)             in language  on input line 70.
Package babel Info: Redefining spanish shorthand "?
(babel)             in language  on input line 70.

Underfull \hbox (badness 10000) in paragraph at lines 71--73

 []


Underfull \hbox (badness 10000) in paragraph at lines 74--75

 []

Package babel Info: Redefining spanish shorthand <<
(babel)             in language  on input line 82.
Package babel Info: Redefining spanish shorthand >>
(babel)             in language  on input line 82.
Package babel Info: Redefining spanish shorthand "=
(babel)             in language  on input line 82.
Package babel Info: Redefining spanish shorthand "~
(babel)             in language  on input line 82.
Package babel Info: Redefining spanish shorthand "!
(babel)             in language  on input line 82.
Package babel Info: Redefining spanish shorthand "?
(babel)             in language  on input line 82.
Package babel Info: Redefining spanish shorthand <<
(babel)             in language  on input line 82.
Package babel Info: Redefining spanish shorthand >>
(babel)             in language  on input line 82.
Package babel Info: Redefining spanish shorthand "=
(babel)             in language  on input line 82.
Package babel Info: Redefining spanish shorthand "~
(babel)             in language  on input line 82.
Package babel Info: Redefining spanish shorthand "!
(babel)             in language  on input line 82.
Package babel Info: Redefining spanish shorthand "?
(babel)             in language  on input line 82.
[2]
Underfull \hbox (badness 10000) in paragraph at lines 85--89

 []


Underfull \hbox (badness 10000) in paragraph at lines 90--92

 []


Underfull \hbox (badness 10000) in paragraph at lines 93--96

 []


Underfull \hbox (badness 10000) in paragraph at lines 97--119

 []

Package babel Info: Redefining spanish shorthand <<
(babel)             in language  on input line 127.
Package babel Info: Redefining spanish shorthand >>
(babel)             in language  on input line 127.
Package babel Info: Redefining spanish shorthand "=
(babel)             in language  on input line 127.
Package babel Info: Redefining spanish shorthand "~
(babel)             in language  on input line 127.
Package babel Info: Redefining spanish shorthand "!
(babel)             in language  on input line 127.
Package babel Info: Redefining spanish shorthand "?
(babel)             in language  on input line 127.

Underfull \hbox (badness 10000) in paragraph at lines 128--130

 []


Underfull \hbox (badness 10000) in paragraph at lines 131--133

 []

Package babel Info: Redefining spanish shorthand <<
(babel)             in language  on input line 138.
Package babel Info: Redefining spanish shorthand >>
(babel)             in language  on input line 138.
Package babel Info: Redefining spanish shorthand "=
(babel)             in language  on input line 138.
Package babel Info: Redefining spanish shorthand "~
(babel)             in language  on input line 138.
Package babel Info: Redefining spanish shorthand "!
(babel)             in language  on input line 138.
Package babel Info: Redefining spanish shorthand "?
(babel)             in language  on input line 138.

Underfull \hbox (badness 10000) in paragraph at lines 141--143

 []

Package babel Info: Redefining spanish shorthand <<
(babel)             in language  on input line 146.
Package babel Info: Redefining spanish shorthand >>
(babel)             in language  on input line 146.
Package babel Info: Redefining spanish shorthand "=
(babel)             in language  on input line 146.
Package babel Info: Redefining spanish shorthand "~
(babel)             in language  on input line 146.
Package babel Info: Redefining spanish shorthand "!
(babel)             in language  on input line 146.
Package babel Info: Redefining spanish shorthand "?
(babel)             in language  on input line 146.
Package babel Info: Redefining spanish shorthand <<
(babel)             in language  on input line 154.
Package babel Info: Redefining spanish shorthand >>
(babel)             in language  on input line 154.
Package babel Info: Redefining spanish shorthand "=
(babel)             in language  on input line 154.
Package babel Info: Redefining spanish shorthand "~
(babel)             in language  on input line 154.
Package babel Info: Redefining spanish shorthand "!
(babel)             in language  on input line 154.
Package babel Info: Redefining spanish shorthand "?
(babel)             in language  on input line 154.
Package babel Info: Redefining spanish shorthand <<
(babel)             in language  on input line 154.
Package babel Info: Redefining spanish shorthand >>
(babel)             in language  on input line 154.
Package babel Info: Redefining spanish shorthand "=
(babel)             in language  on input line 154.
Package babel Info: Redefining spanish shorthand "~
(babel)             in language  on input line 154.
Package babel Info: Redefining spanish shorthand "!
(babel)             in language  on input line 154.
Package babel Info: Redefining spanish shorthand "?
(babel)             in language  on input line 154.
[3]
Package babel Info: Redefining spanish shorthand <<
(babel)             in language  on input line 210.
Package babel Info: Redefining spanish shorthand >>
(babel)             in language  on input line 210.
Package babel Info: Redefining spanish shorthand "=
(babel)             in language  on input line 210.
Package babel Info: Redefining spanish shorthand "~
(babel)             in language  on input line 210.
Package babel Info: Redefining spanish shorthand "!
(babel)             in language  on input line 210.
Package babel Info: Redefining spanish shorthand "?
(babel)             in language  on input line 210.
Package babel Info: Redefining spanish shorthand <<
(babel)             in language  on input line 210.
Package babel Info: Redefining spanish shorthand >>
(babel)             in language  on input line 210.
Package babel Info: Redefining spanish shorthand "=
(babel)             in language  on input line 210.
Package babel Info: Redefining spanish shorthand "~
(babel)             in language  on input line 210.
Package babel Info: Redefining spanish shorthand "!
(babel)             in language  on input line 210.
Package babel Info: Redefining spanish shorthand "?
(babel)             in language  on input line 210.
 [4])
Package atveryend Info: Empty hook `BeforeClearDocument' on input line 55.
Package babel Info: Redefining spanish shorthand <<
(babel)             in language  on input line 55.
Package babel Info: Redefining spanish shorthand >>
(babel)             in language  on input line 55.
Package babel Info: Redefining spanish shorthand "=
(babel)             in language  on input line 55.
Package babel Info: Redefining spanish shorthand "~
(babel)             in language  on input line 55.
Package babel Info: Redefining spanish shorthand "!
(babel)             in language  on input line 55.
Package babel Info: Redefining spanish shorthand "?
(babel)             in language  on input line 55.
Package babel Info: Redefining spanish shorthand <<
(babel)             in language  on input line 55.
Package babel Info: Redefining spanish shorthand >>
(babel)             in language  on input line 55.
Package babel Info: Redefining spanish shorthand "=
(babel)             in language  on input line 55.
Package babel Info: Redefining spanish shorthand "~
(babel)             in language  on input line 55.
Package babel Info: Redefining spanish shorthand "!
(babel)             in language  on input line 55.
Package babel Info: Redefining spanish shorthand "?
(babel)             in language  on input line 55.
 [5]
Package atveryend Info: Empty hook `AfterLastShipout' on input line 55.
 (./answers.aux
LaTeX Info: Redefining \. on input line 23.
LaTeX Info: Redefining \% on input line 23.
)
Package atveryend Info: Executing hook `AtVeryEndDocument' on input line 55.
Package atveryend Info: Executing hook `AtEndAfterFileList' on input line 55.
Package rerunfilecheck Info: File `answers.out' has not changed.
(rerunfilecheck)             Checksum: 52BFD1B4EC0FD609D9A8754748E6FF00;240.
Package atveryend Info: Empty hook `AtVeryVeryEnd' on input line 55.
 ) 
Here is how much of TeX's memory you used:
 10375 strings out of 492649
 153105 string characters out of 6129623
 264105 words of memory out of 5000000
 14093 multiletter control sequences out of 15000+600000
 12317 words of font info for 48 fonts, out of 8000000 for 9000
 1141 hyphenation exceptions out of 8191
 36i,7n,43p,348b,359s stack positions out of 5000i,500n,10000p,200000b,80000s
</usr/local/texlive/2018/texmf-dist/fonts/type1/public/amsfonts/cm/cmbx12.pfb
></usr/local/texlive/2018/texmf-dist/fonts/type1/public/amsfonts/cm/cmmi10.pfb>
</usr/local/texlive/2018/texmf-dist/fonts/type1/public/amsfonts/cm/cmr10.pfb></
usr/local/texlive/2018/texmf-dist/fonts/type1/public/amsfonts/cm/cmr12.pfb></us
r/local/texlive/2018/texmf-dist/fonts/type1/public/amsfonts/cm/cmr7.pfb></usr/l
ocal/texlive/2018/texmf-dist/fonts/type1/public/amsfonts/cm/cmss10.pfb></usr/lo
cal/texlive/2018/texmf-dist/fonts/type1/public/amsfonts/cm/cmssbx10.pfb></usr/l
ocal/texlive/2018/texmf-dist/fonts/type1/public/amsfonts/cm/cmsy10.pfb></usr/lo
cal/texlive/2018/texmf-dist/fonts/type1/public/amsfonts/cm/cmti10.pfb></usr/loc
al/texlive/2018/texmf-dist/fonts/type1/public/amsfonts/cm/cmtt10.pfb>
Output written on answers.pdf (5 pages, 262391 bytes).
PDF statistics:
 105 PDF objects out of 1000 (max. 8388607)
 85 compressed objects within 1 object stream
 15 named destinations out of 1000 (max. 500000)
 59 words of extra memory for PDF output out of 10000 (max. 10000000)

